Starting job on node: nodemm05.enst.fr
Job started at: mar. 13 mai 2025 18:14:32 CEST
Evaluating original model...

Evaluating original model on art domain...
Accuracy: 0.7783
F1 Score: 0.7763

Evaluating original model on real_world domain...
Accuracy: 0.8611
F1 Score: 0.8582

Evaluating original model on clipart domain...
Accuracy: 0.6410
F1 Score: 0.6430

Evaluating original model on product domain...
Accuracy: 0.8423
F1 Score: 0.8376

Original model results saved to results/original_model_results.json
Pruning 1 layers (10.0%)

Evaluating on art domain...
Accuracy: 0.1722
F1 Score: 0.1886

Evaluating on real_world domain...
Accuracy: 0.2346
F1 Score: 0.2583

Evaluating on clipart domain...
Accuracy: 0.1517
F1 Score: 0.1238

Evaluating on product domain...
Accuracy: 0.1926
F1 Score: 0.1906

Results saved to results/clip_odg_exp1/results.json
Job finished at: mar. 13 mai 2025 18:17:04 CEST
